1 139659264
2 0
3 0
4 0
6 0
8 0
9 0
10 0
11 0
12 0
13 0
15 0
16 0
17 0
18 0
19 0
20 0
21 0
22 0
23 0
24 0
25 0
26 0
27 0
28 0
29 0
30 0
33 36864
47 0
140 0
141 0
142 0
143 0
144 0
146 0
447 0
449 0
450 0
451 0
452 0
454 1053184
455 0
456 0
462 0
520 0
530 0
563 0
564 0
654 163840
680 18735104
732 0
736 0
737 0
760 0
761 0
770 0
773 0
774 0
775 0
776 0
777 0
778 0
779 0
780 0
800 892928
804 102400
812 0
813 0
814 0
833 2359296
837 176128
840 401408
841 12484608
843 5943296
845 823296
851 233472
852 921600
853 3751936
854 3084288
856 0
867 876544
870 8028160
871 327680
873 258048
886 4587520
900 1196032
902 3252224
1131 61440
1132 454656
1133 2191360
1412 110592
1417 0
1423 11747328
1452 0
37651 0
37962 0
39981 0
40386 
40387 
40388 
